This is LuaTeX, Version beta-0.80.0 (TeX Live 2015) (rev 5238)  (format=lualatex 2015.12.25)  17 AUG 2016 21:37
 restricted \write18 enabled.
**report.tex
(./report.tex
LaTeX2e <2015/01/01>
Babel <3.9l> and hyphenation patterns for 79 languages loaded.
(/usr/local/texlive/2015/texmf-dist/tex/latex/base/article.cls
Document Class: article 2014/09/29 v1.4h Standard LaTeX document class
(/usr/local/texlive/2015/texmf-dist/tex/latex/base/size10.clo
File: size10.clo 2014/09/29 v1.4h Standard LaTeX file (size option)
)
\c@part=\count79
\c@section=\count80
\c@subsection=\count81
\c@subsubsection=\count82
\c@paragraph=\count83
\c@subparagraph=\count84
\c@figure=\count85
\c@table=\count86
\abovecaptionskip=\skip41
\belowcaptionskip=\skip42
\bibindent=\dimen102
)
(/usr/local/texlive/2015/texmf-dist/tex/latex/graphics/graphicx.sty
Package: graphicx 2014/10/28 v1.0g Enhanced LaTeX Graphics (DPC,SPQR)

(/usr/local/texlive/2015/texmf-dist/tex/latex/graphics/keyval.sty
Package: keyval 2014/10/28 v1.15 key=value parser (DPC)
\KV@toks@=\toks14
)
(/usr/local/texlive/2015/texmf-dist/tex/latex/graphics/graphics.sty
Package: graphics 2014/10/28 v1.0p Standard LaTeX Graphics (DPC,SPQR)

(/usr/local/texlive/2015/texmf-dist/tex/latex/graphics/trig.sty
Package: trig 1999/03/16 v1.09 sin cos tan (DPC)
)
(/usr/local/texlive/2015/texmf-dist/tex/latex/latexconfig/graphics.cfg
File: graphics.cfg 2010/04/23 v1.9 graphics configuration of TeX Live
)
Package graphics Info: Driver file: pdftex.def on input line 94.

(/usr/local/texlive/2015/texmf-dist/tex/latex/pdftex-def/pdftex.def
File: pdftex.def 2011/05/27 v0.06d Graphics/color for pdfTeX

(/usr/local/texlive/2015/texmf-dist/tex/generic/oberdiek/infwarerr.sty
Package: infwarerr 2010/04/08 v1.3 Providing info/warning/error messages (HO)
)
(/usr/local/texlive/2015/texmf-dist/tex/generic/oberdiek/ltxcmds.sty
Package: ltxcmds 2011/11/09 v1.22 LaTeX kernel commands for general use (HO)
)
\Gread@gobject=\count87
))
\Gin@req@height=\dimen103
\Gin@req@width=\dimen104
)
(/usr/local/texlive/2015/texmf-dist/tex/latex/placeins/placeins.sty
Package: placeins 2005/04/18  v 2.2
)
(./report.aux

LaTeX Warning: Label `fig:3-rrr' multiply defined.


LaTeX Warning: Label `fig:3-rrr' multiply defined.


LaTeX Warning: Label `fig:3-rrr' multiply defined.


LaTeX Warning: Label `fig:3-rrr' multiply defined.


LaTeX Warning: Label `fig:3-rrr' multiply defined.


LaTeX Warning: Label `fig:3-rrr' multiply defined.


LaTeX Warning: Label `fig:3-rrr' multiply defined.


LaTeX Warning: Label `fig:3-rrr' multiply defined.


LaTeX Warning: Label `fig:3-rrr' multiply defined.


LaTeX Warning: Label `fig:3-rrr' multiply defined.

)
\openout1 = report.aux

LaTeX Font Info:    Checking defaults for OML/cmm/m/it on input line 8.
LaTeX Font Info:    ... okay on input line 8.
LaTeX Font Info:    Checking defaults for T1/cmr/m/n on input line 8.
LaTeX Font Info:    ... okay on input line 8.
LaTeX Font Info:    Checking defaults for OT1/cmr/m/n on input line 8.
LaTeX Font Info:    ... okay on input line 8.
LaTeX Font Info:    Checking defaults for OMS/cmsy/m/n on input line 8.
LaTeX Font Info:    ... okay on input line 8.
LaTeX Font Info:    Checking defaults for OMX/cmex/m/n on input line 8.
LaTeX Font Info:    ... okay on input line 8.
LaTeX Font Info:    Checking defaults for U/cmr/m/n on input line 8.
LaTeX Font Info:    ... okay on input line 8.
 (/usr/local/texlive/2015/texmf-dist/tex/context/base/supp-pdf.mkii
[Loading MPS to PDF converter (version 2006.09.02).]
\scratchcounter=\count88
\scratchdimen=\dimen105
\scratchbox=\box26
\nofMPsegments=\count89
\nofMParguments=\count90
\everyMPshowfont=\toks15
\MPscratchCnt=\count91
\MPscratchDim=\dimen106
\MPnumerator=\count92
\makeMPintoPDFobject=\count93
\everyMPtoPDFconversion=\toks16
) (/usr/local/texlive/2015/texmf-dist/tex/generic/oberdiek/pdftexcmds.sty
Package: pdftexcmds 2011/11/29 v0.20 Utility functions of pdfTeX for LuaTeX (HO)


(/usr/local/texlive/2015/texmf-dist/tex/generic/oberdiek/ifluatex.sty
Package: ifluatex 2010/03/01 v1.3 Provides the ifluatex switch (HO)
Package ifluatex Info: LuaTeX detected.
)
(/usr/local/texlive/2015/texmf-dist/tex/generic/oberdiek/ifpdf.sty
Package: ifpdf 2011/01/30 v2.3 Provides the ifpdf switch (HO)
Package ifpdf Info: pdfTeX in PDF mode is detected.
)
Package pdftexcmds Info: \pdf@primitive is available.
Package pdftexcmds Info: \pdf@ifprimitive is available.
Package pdftexcmds Info: \pdfdraftmode found.

(/usr/local/texlive/2015/texmf-dist/tex/generic/oberdiek/luatex-loader.sty
Package: luatex-loader 2010/03/09 v0.4 Lua module loader (HO)

(/usr/local/texlive/2015/texmf-dist/scripts/oberdiek/oberdiek.luatex.lua))
\pdftexcmds@toks=\toks17
)
(/usr/local/texlive/2015/texmf-dist/tex/latex/oberdiek/epstopdf-base.sty
Package: epstopdf-base 2010/02/09 v2.5 Base part for package epstopdf

(/usr/local/texlive/2015/texmf-dist/tex/latex/oberdiek/grfext.sty
Package: grfext 2010/08/19 v1.1 Manage graphics extensions (HO)

(/usr/local/texlive/2015/texmf-dist/tex/generic/oberdiek/kvdefinekeys.sty
Package: kvdefinekeys 2011/04/07 v1.3 Define keys (HO)
))
(/usr/local/texlive/2015/texmf-dist/tex/latex/oberdiek/kvoptions.sty
Package: kvoptions 2011/06/30 v3.11 Key value format for package options (HO)

(/usr/local/texlive/2015/texmf-dist/tex/generic/oberdiek/kvsetkeys.sty
Package: kvsetkeys 2012/04/25 v1.16 Key value parser (HO)

(/usr/local/texlive/2015/texmf-dist/tex/generic/oberdiek/etexcmds.sty
Package: etexcmds 2011/02/16 v1.5 Avoid name clashes with e-TeX commands (HO)
)))
Package grfext Info: Graphics extension search list:
(grfext)             [.png,.pdf,.jpg,.mps,.tif,.jpeg,.PNG,.PDF,.JPG,.JPEG,.eps]
(grfext)             \AppendGraphicsExtensions on input line 452.

(/usr/local/texlive/2015/texmf-dist/tex/latex/latexconfig/epstopdf-sys.cfg
File: epstopdf-sys.cfg 2010/07/13 v1.3 Configuration of (r)epstopdf for TeX Live

))
LaTeX Font Info:    External font `cmex10' loaded for size
(Font)              <12> on input line 9.
LaTeX Font Info:    External font `cmex10' loaded for size
(Font)              <8> on input line 9.
LaTeX Font Info:    External font `cmex10' loaded for size
(Font)              <6> on input line 9.

<images/modular_nn.pdf, id=1, 326.01994pt x 436.50682pt>
File: images/modular_nn.pdf Graphic file (type pdf)

<use images/modular_nn.pdf>
Package pdftex.def Info: images/modular_nn.pdf used on input line 30.
(pdftex.def)             Requested size: 326.01915pt x 436.50574pt.
 [1

{/usr/local/texlive/2015/texmf-var/fonts/map/pdftex/updmap/pdftex.map}]
<images/switched_pool.pdf, id=12, 120.60428pt x 89.35443pt>
File: images/switched_pool.pdf Graphic file (type pdf)

<use images/switched_pool.pdf>
Package pdftex.def Info: images/switched_pool.pdf used on input line 48.
(pdftex.def)             Requested size: 120.60396pt x 89.3542pt.
 [2<./images/modular_nn.pdf><./images/switched_pool.pdf>] <images/unpool.pdf, i
d=102, 120.46275pt x 87.42752pt>
File: images/unpool.pdf Graphic file (type pdf)

<use images/unpool.pdf>
Package pdftex.def Info: images/unpool.pdf used on input line 66.
(pdftex.def)             Requested size: 120.46245pt x 87.42729pt.
 <images/deconv.pdf, id=104, 119.82707pt x 85.84583pt>
File: images/deconv.pdf Graphic file (type pdf)

<use images/deconv.pdf>
Package pdftex.def Info: images/deconv.pdf used on input line 82.
(pdftex.def)             Requested size: 119.82677pt x 85.8456pt.
 [3<./images/unpool.pdf><./images/deconv.pdf>]
LaTeX Font Info:    External font `cmex10' loaded for size
(Font)              <7> on input line 98.
LaTeX Font Info:    External font `cmex10' loaded for size
(Font)              <5> on input line 98.
 [4]
<images/DeconvNet.pdf, id=201, 507.1612pt x 125.3221pt>
File: images/DeconvNet.pdf Graphic file (type pdf)

<use images/DeconvNet.pdf>
Package pdftex.def Info: images/DeconvNet.pdf used on input line 126.
(pdftex.def)             Requested size: 507.15994pt x 125.3218pt.

Overfull \hbox (24.88408pt too wide) in paragraph at lines 126--128
 [] 
 []

<images/fcn_full.pdf, id=203, 500.0074pt x 212.33247pt>
File: images/fcn_full.pdf Graphic file (type pdf)

<use images/fcn_full.pdf>
Package pdftex.def Info: images/fcn_full.pdf used on input line 142.
(pdftex.def)             Requested size: 500.00618pt x 212.33194pt.

Overfull \hbox (53.34323pt too wide) in paragraph at lines 142--144
 [] 
 []

<images/2008_002103.jpg, id=205, 501.875pt x 376.40625pt>
File: images/2008_002103.jpg Graphic file (type jpg)

<use images/2008_002103.jpg>
Package pdftex.def Info: images/2008_002103.jpg used on input line 156.
(pdftex.def)             Requested size: 501.87376pt x 376.40532pt.
 [5<./images/DeconvNet.pdf><./images/fcn_full.pdf>] <images/fcn_out.png, id=330
, 507.8975pt x 379.4175pt>
File: images/fcn_out.png Graphic file (type png)

<use images/fcn_out.png>
Package pdftex.def Info: images/fcn_out.png used on input line 168.
(pdftex.def)             Requested size: 507.89627pt x 379.41656pt.

<images/face_detect.png, id=332, 501.875pt x 376.40625pt>
File: images/face_detect.png Graphic file (type png)

<use images/face_detect.png>
Package pdftex.def Info: images/face_detect.png used on input line 185.
(pdftex.def)             Requested size: 501.87376pt x 376.40532pt.
 [6<./images/2008_002103.jpg><./images/fcn_out.png>]
<images/cluster.png, id=339, 502.87875pt x 377.41pt>
File: images/cluster.png Graphic file (type png)
 <use images/cluster.png>
Package pdftex.def Info: images/cluster.png used on input line 202.
(pdftex.def)             Requested size: 502.87752pt x 377.40907pt.

[7<./images/face_detect.png>] [8<./images/cluster.png>]
<images/mul_vel_net.pdf, id=352, 477.71782pt x 377.1189pt>
File: images/mul_vel_net.pdf Graphic file (type pdf)

<use images/mul_vel_net.pdf>
Package pdftex.def Info: images/mul_vel_net.pdf used on input line 228.
(pdftex.def)             Requested size: 477.71666pt x 377.11797pt.

Overfull \hbox (53.3572pt too wide) in paragraph at lines 228--230
 [] 
 []

LaTeX Font Info:    Try loading font information for OMS+cmr on input line 240.
(/usr/local/texlive/2015/texmf-dist/tex/latex/base/omscmr.fd
File: omscmr.fd 2014/09/29 v2.5h Standard LaTeX font definitions
)
LaTeX Font Info:    Font shape `OMS/cmr/m/n' in size <10> not available
(Font)              Font shape `OMS/cmsy/m/n' tried instead on input line 240.

Overfull \hbox (15.69527pt too wide) in paragraph at lines 251--252
[][]\OT1/cmr/m/n/10 http://cilvr.cs.nyu.edu/lib/exe/fetch.php?me-dia=deeplearn-
ing:dl-backprop1. 
 []

[9<./images/mul_vel_net.pdf>] [10] (./report.aux)

LaTeX Warning: There were multiply-defined labels.

)

Here is how much of LuaTeX's memory you used:
 1805 strings out of 494693
 100000,89155 words of node,token memory allocated
 313 words of node memory still in use:
   2 hlist, 1 vlist, 1 rule, 2 glue, 41 glue_spec, 1 write nodes
   avail lists: 2:21,3:86,4:628,5:195,6:2315,7:81,9:75,10:203
 5363 multiletter control sequences out of 65536+600000
 44 fonts using 1740155 bytes
 37i,7n,23p,916b,281s stack positions out of 5000i,500n,10000p,200000b,100000s
<</usr/local/texlive/2015/texmf-dist/fonts/type1/public/amsfonts/cm/cmbx12.pfb><
</usr/local/texlive/2015/texmf-dist/fonts/type1/public/amsfonts/cm/cmex10.pfb><<
/usr/local/texlive/2015/texmf-dist/fonts/type1/public/amsfonts/cm/cmmi10.pfb><</
usr/local/texlive/2015/texmf-dist/fonts/type1/public/amsfonts/cm/cmmi7.pfb><</us
r/local/texlive/2015/texmf-dist/fonts/type1/public/amsfonts/cm/cmr10.pfb><</usr/
local/texlive/2015/texmf-dist/fonts/type1/public/amsfonts/cm/cmr12.pfb><</usr/lo
cal/texlive/2015/texmf-dist/fonts/type1/public/amsfonts/cm/cmr17.pfb><</usr/loca
l/texlive/2015/texmf-dist/fonts/type1/public/amsfonts/cm/cmr7.pfb><</usr/local/t
exlive/2015/texmf-dist/fonts/type1/public/amsfonts/cm/cmsy10.pfb><</usr/local/te
xlive/2015/texmf-dist/fonts/type1/public/amsfonts/cm/cmti10.pfb>
Output written on report.pdf (10 pages, 2363738 bytes).

PDF statistics: 423 PDF objects out of 1000 (max. 8388607)
 307 compressed objects within 4 object streams
 0 named destinations out of 1000 (max. 131072)
 67 words of extra memory for PDF output out of 10000 (max. 10000000)

